Erro ao carregar metadados de desafios. Error: NJS-040: connection request timeout. Request exceeded "queueTimeout" of 60000
    at Timeout.<anonymous> (C:\Users\guilherme.diniz\Documents\GestaoMetas\Projeto\Back\node_modules\oracledb\lib\pool.js:448:25)
    at listOnTimeout (node:internal/timers:605:17)
    at process.processTimers (node:internal/timers:541:7) {
  code: 'NJS-040',
  isRecoverable: false
}
Erro ao verificar inicializacao do modulo de desafios. Error: NJS-040: connection request timeout. Request exceeded "queueTimeout" of 60000
    at Timeout.<anonymous> (C:\Users\guilherme.diniz\Documents\GestaoMetas\Projeto\Back\node_modules\oracledb\lib\pool.js:448:25)
    at listOnTimeout (node:internal/timers:605:17)
    at process.processTimers (node:internal/timers:541:7) {
  code: 'NJS-040',
  isRecoverable: false
}
Erro ao buscar contador de atividades do feed. Error: NJS-040: connection request timeout. Request exceeded "queueTimeout" of 60000
    at Timeout.<anonymous> (C:\Users\guilherme.diniz\Documents\GestaoMetas\Projeto\Back\node_modules\oracledb\lib\pool.js:448:25)
    at listOnTimeout (node:internal/timers:605:17)
    at process.processTimers (node:internal/timers:541:7) {
  code: 'NJS-040',
  isRecoverable: false
}
Erro ao buscar contador de atividades do feed. Error: NJS-040: connection request timeout. Request exceeded "queueTimeout" of 60000
    at Timeout.<anonymous> (C:\Users\guilherme.diniz\Documents\GestaoMetas\Projeto\Back\node_modules\oracledb\lib\pool.js:448:25)
    at listOnTimeout (node:internal/timers:605:17)
    at process.processTimers (node:internal/timers:541:7) {
  code: 'NJS-040',
  isRecoverable: false
}
Erro ao buscar contador de atividades do feed. Error: NJS-040: connection request timeout. Request exceeded "queueTimeout" of 60000
    at Timeout.<anonymous> (C:\Users\guilherme.diniz\Documents\GestaoMetas\Projeto\Back\node_modules\oracledb\lib\pool.js:448:25)
    at listOnTimeout (node:internal/timers:605:17)
    at process.processTimers (node:internal/timers:541:7) {
  code: 'NJS-040',
  isRecoverable: false
}
Erro ao buscar contador de atividades do feed. Error: NJS-040: connection request timeout. Request exceeded "queueTimeout" of 60000
    at Timeout.<anonymous> (C:\Users\guilherme.diniz\Documents\GestaoMetas\Projeto\Back\node_modules\oracledb\lib\pool.js:448:25)
    at listOnTimeout (node:internal/timers:605:17)
    at process.processTimers (node:internal/timers:541:7) {
  code: 'NJS-040',
  isRecoverable: false
}
Erro ao buscar contador de atividades do feed. Error: NJS-040: connection request timeout. Request exceeded "queueTimeout" of 60000
    at Timeout.<anonymous> (C:\Users\guilherme.diniz\Documents\GestaoMetas\Projeto\Back\node_modules\oracledb\lib\pool.js:448:25)
    at listOnTimeout (node:internal/timers:605:17)
    at process.processTimers (node:internal/timers:541:7) {
  code: 'NJS-040',
  isRecoverable: false
}
Erro ao buscar contador de atividades do feed. Error: NJS-040: connection request timeout. Request exceeded "queueTimeout" of 60000
    at Timeout.<anonymous> (C:\Users\guilherme.diniz\Documents\GestaoMetas\Projeto\Back\node_modules\oracledb\lib\pool.js:448:25)
    at listOnTimeout (node:internal/timers:605:17)
    at process.processTimers (node:internal/timers:541:7) {
  code: 'NJS-040',
  isRecoverable: false
}
Erro ao buscar contador de atividades do feed. Error: NJS-040: connection request timeout. Request exceeded "queueTimeout" of 60000
    at Timeout.<anonymous> (C:\Users\guilherme.diniz\Documents\GestaoMetas\Projeto\Back\node_modules\oracledb\lib\pool.js:448:25)
    at listOnTimeout (node:internal/timers:605:17)
    at process.processTimers (node:internal/timers:541:7) {
  code: 'NJS-040',
  isRecoverable: false
}
Erro ao buscar contador de atividades do feed. Error: NJS-040: connection request timeout. Request exceeded "queueTimeout" of 60000
    at Timeout.<anonymous> (C:\Users\guilherme.diniz\Documents\GestaoMetas\Projeto\Back\node_modules\oracledb\lib\pool.js:448:25)
    at listOnTimeout (node:internal/timers:605:17)
    at process.processTimers (node:internal/timers:541:7) {
  code: 'NJS-040',
  isRecoverable: false
}
Erro ao buscar contador de atividades do feed. Error: NJS-040: connection request timeout. Request exceeded "queueTimeout" of 60000
    at Timeout.<anonymous> (C:\Users\guilherme.diniz\Documents\GestaoMetas\Projeto\Back\node_modules\oracledb\lib\pool.js:448:25)
    at listOnTimeout (node:internal/timers:605:17)
    at process.processTimers (node:internal/timers:541:7) {
  code: 'NJS-040',
  isRecoverable: false
}
Erro ao buscar contador de atividades do feed. Error: NJS-040: connection request timeout. Request exceeded "queueTimeout" of 60000
    at Timeout.<anonymous> (C:\Users\guilherme.diniz\Documents\GestaoMetas\Projeto\Back\node_modules\oracledb\lib\pool.js:448:25)
    at listOnTimeout (node:internal/timers:605:17)
    at process.processTimers (node:internal/timers:541:7) {
  code: 'NJS-040',
  isRecoverable: false
}
Erro ranking vendedores: Error: NJS-040: connection request timeout. Request exceeded "queueTimeout" of 60000
    at Timeout.<anonymous> (C:\Users\guilherme.diniz\Documents\GestaoMetas\Projeto\Back\node_modules\oracledb\lib\pool.js:448:25)
    at listOnTimeout (node:internal/timers:605:17)
    at process.processTimers (node:internal/timers:541:7) {
  code: 'NJS-040',
  isRecoverable: false
}
Erro no login: Error: NJS-040: connection request timeout. Request exceeded "queueTimeout" of 60000
    at Timeout.<anonymous> (C:\Users\guilherme.diniz\Documents\GestaoMetas\Projeto\Back\node_modules\oracledb\lib\pool.js:448:25)
    at listOnTimeout (node:internal/timers:605:17)
    at process.processTimers (node:internal/timers:541:7) {
  code: 'NJS-040',
  isRecoverable: false
}
